{
  "stats": {
    "suites": 1,
    "tests": 1,
    "passes": 1,
    "pending": 0,
    "failures": 0,
    "start": "2023-05-04T08:32:45.998Z",
    "end": "2023-05-04T08:33:04.259Z",
    "duration": 18261,
    "testsRegistered": 1,
    "passPercent": 100,
    "pendingPercent": 0,
    "other": 0,
    "hasOther": false,
    "skipped": 0,
    "hasSkipped": false
  },
  "results": [
    {
      "uuid": "a48756c9-a535-49af-8d66-2123f0b94e89",
      "title": "",
      "fullFile": "cypress/e2e/firstTest.cy.js",
      "file": "cypress/e2e/firstTest.cy.js",
      "beforeHooks": [],
      "afterHooks": [],
      "tests": [],
      "suites": [
        {
          "uuid": "ae02350a-3852-47c8-8c6a-064bb1936fe6",
          "title": "Amazon Product",
          "fullFile": "",
          "file": "",
          "beforeHooks": [],
          "afterHooks": [],
          "tests": [
            {
              "title": "should verify buy now button is present",
              "fullTitle": "Amazon Product should verify buy now button is present",
              "timedOut": null,
              "duration": 15819,
              "state": "passed",
              "speed": "slow",
              "pass": true,
              "fail": false,
              "pending": false,
              "context": null,
              "code": "cy.get('#twotabsearchtextbox').type('laptop');\ncy.get('#nav-search-submit-button').click();\ncy.get('[data-component-type=\"s-search-result\"]').first().find('h2 > a').then($link => {\n  const href = $link.prop('href');\n  cy.visit(href);\n  cy.window().then(win => {\n    cy.stub(win, 'open').as('windowOpen');\n  });\n  cy.get('span[id=\"submit.buy-now-announce\"]', {\n    timeout: 60000\n  }).should('be.visible');\n});",
              "err": {},
              "uuid": "67bfde3a-3d2a-456f-b00c-80fc44fd89eb",
              "parentUUID": "ae02350a-3852-47c8-8c6a-064bb1936fe6",
              "isHook": false,
              "skipped": false
            }
          ],
          "suites": [],
          "passes": [
            "67bfde3a-3d2a-456f-b00c-80fc44fd89eb"
          ],
          "failures": [],
          "pending": [],
          "skipped": [],
          "duration": 15819,
          "root": false,
          "rootEmpty": false,
          "_timeout": 2000
        }
      ],
      "passes": [],
      "failures": [],
      "pending": [],
      "skipped": [],
      "duration": 0,
      "root": true,
      "rootEmpty": true,
      "_timeout": 2000
    }
  ],
  "meta": {
    "mocha": {
      "version": "7.0.1"
    },
    "mochawesome": {
      "options": {
        "quiet": false,
        "reportFilename": "mochawesome",
        "saveHtml": false,
        "saveJson": true,
        "consoleReporter": "spec",
        "useInlineDiffs": false,
        "code": true
      },
      "version": "7.1.3"
    },
    "marge": {
      "options": {
        "id": "default",
        "reportDir": "cypress/reports/mocha",
        "quite": true,
        "overwrite": false,
        "html": false,
        "json": true
      },
      "version": "6.2.0"
    }
  }
}