{
  "stats": {
    "suites": 1,
    "tests": 1,
    "passes": 1,
    "pending": 0,
    "failures": 0,
    "start": "2023-05-04T08:33:08.390Z",
    "end": "2023-05-04T08:33:27.827Z",
    "duration": 19437,
    "testsRegistered": 1,
    "passPercent": 100,
    "pendingPercent": 0,
    "other": 0,
    "hasOther": false,
    "skipped": 0,
    "hasSkipped": false
  },
  "results": [
    {
      "uuid": "21ef61f9-02bf-48f5-affe-f90834a996de",
      "title": "",
      "fullFile": "cypress/e2e/myntra.cy.js",
      "file": "cypress/e2e/myntra.cy.js",
      "beforeHooks": [],
      "afterHooks": [],
      "tests": [],
      "suites": [
        {
          "uuid": "df548ec5-8787-4a79-b4e7-a2a0513b73d4",
          "title": "Myntra",
          "fullFile": "",
          "file": "",
          "beforeHooks": [],
          "afterHooks": [],
          "tests": [
            {
              "title": "should search for product",
              "fullTitle": "Myntra should search for product",
              "timedOut": null,
              "duration": 17527,
              "state": "passed",
              "speed": "slow",
              "pass": true,
              "fail": false,
              "pending": false,
              "context": null,
              "code": "// Enter the product code\ncy.get('input[placeholder=\"Search for products, brands and more\"]').type('shirt');\n// Click on Search button\ncy.get('a[class=\"desktop-submit\"]').click({\n  force: true\n});\n//Select first product on Product listing page\ncy.get('li[class=\"product-base\"]').eq(0).find('a').invoke('removeAttr', 'target').click({\n  force: true\n});\n//Select a size of the product\ncy.get('div[class=\"size-buttons-tipAndBtnContainer\"]').eq(0).trigger(\"click\");\ncy.wait(1000);\n// Click on Add to Cart button\ncy.get('span[class=\"myntraweb-sprite pdp-whiteBag sprites-whiteBag pdp-flex pdp-center\"]').click({\n  force: true\n});\n//Click on Go to Bag\ncy.get('a[class=\"pdp-goToCart pdp-add-to-bag pdp-button pdp-flex pdp-center \"]').click({\n  force: true\n});\n//Click on Place Order\ncy.get('button[class=\"css-etguer\"]').click({\n  force: true\n});\ncy.url().should('include', '/checkout/cart');",
              "err": {},
              "uuid": "58f42de1-8e65-4f4c-af86-d0da99ecd251",
              "parentUUID": "df548ec5-8787-4a79-b4e7-a2a0513b73d4",
              "isHook": false,
              "skipped": false
            }
          ],
          "suites": [],
          "passes": [
            "58f42de1-8e65-4f4c-af86-d0da99ecd251"
          ],
          "failures": [],
          "pending": [],
          "skipped": [],
          "duration": 17527,
          "root": false,
          "rootEmpty": false,
          "_timeout": 2000
        }
      ],
      "passes": [],
      "failures": [],
      "pending": [],
      "skipped": [],
      "duration": 0,
      "root": true,
      "rootEmpty": true,
      "_timeout": 2000
    }
  ],
  "meta": {
    "mocha": {
      "version": "7.0.1"
    },
    "mochawesome": {
      "options": {
        "quiet": false,
        "reportFilename": "mochawesome",
        "saveHtml": false,
        "saveJson": true,
        "consoleReporter": "spec",
        "useInlineDiffs": false,
        "code": true
      },
      "version": "7.1.3"
    },
    "marge": {
      "options": {
        "id": "default",
        "reportDir": "cypress/reports/mocha",
        "quite": true,
        "overwrite": false,
        "html": false,
        "json": true
      },
      "version": "6.2.0"
    }
  }
}